  controller_menu.cpp
C:\Users\etien\OneDrive - USherbrooke\2022HIV\.Projet\Code_Jeu\Projet-S2\Code_jeu\controller_menu.cpp(1,1): warning C4828: Le fichier contient un caractère qui débute à l'offset 0x2c8 et qui est non conforme dans le jeu de caractères source actuel (page de codes 65001).
C:\Users\etien\OneDrive - USherbrooke\2022HIV\.Projet\Code_Jeu\Projet-S2\Code_jeu\controller_menu.cpp(1,1): warning C4828: Le fichier contient un caractère qui débute à l'offset 0x682 et qui est non conforme dans le jeu de caractères source actuel (page de codes 65001).
C:\Users\etien\OneDrive - USherbrooke\2022HIV\.Projet\Code_Jeu\Projet-S2\Code_jeu\controller_menu.cpp(1,1): warning C4828: Le fichier contient un caractère qui débute à l'offset 0x693 et qui est non conforme dans le jeu de caractères source actuel (page de codes 65001).
C:\Users\etien\OneDrive - USherbrooke\2022HIV\.Projet\Code_Jeu\Projet-S2\Code_jeu\controller_menu.cpp(1,1): warning C4828: Le fichier contient un caractère qui débute à l'offset 0x69c et qui est non conforme dans le jeu de caractères source actuel (page de codes 65001).
C:\Users\etien\OneDrive - USherbrooke\2022HIV\.Projet\Code_Jeu\Projet-S2\Code_jeu\controller_menu.cpp(1,1): warning C4828: Le fichier contient un caractère qui débute à l'offset 0xfe3 et qui est non conforme dans le jeu de caractères source actuel (page de codes 65001).
C:\Users\etien\OneDrive - USherbrooke\2022HIV\.Projet\Code_Jeu\Projet-S2\Code_jeu\controller_menu.cpp(1,1): warning C4828: Le fichier contient un caractère qui débute à l'offset 0x1283 et qui est non conforme dans le jeu de caractères source actuel (page de codes 65001).
C:\Users\etien\OneDrive - USherbrooke\2022HIV\.Projet\Code_Jeu\Projet-S2\Code_jeu\controller_menu.cpp(1,1): warning C4828: Le fichier contient un caractère qui débute à l'offset 0x1534 et qui est non conforme dans le jeu de caractères source actuel (page de codes 65001).
C:\Users\etien\OneDrive - USherbrooke\2022HIV\.Projet\Code_Jeu\Projet-S2\Code_jeu\controller_menu.cpp(1,1): warning C4828: Le fichier contient un caractère qui débute à l'offset 0x156f et qui est non conforme dans le jeu de caractères source actuel (page de codes 65001).
C:\Users\etien\OneDrive - USherbrooke\2022HIV\.Projet\Code_Jeu\Projet-S2\Code_jeu\controller_menu.cpp(1,1): warning C4828: Le fichier contient un caractère qui débute à l'offset 0x1abd et qui est non conforme dans le jeu de caractères source actuel (page de codes 65001).
C:\Users\etien\OneDrive - USherbrooke\2022HIV\.Projet\Code_Jeu\Projet-S2\Code_jeu\controller_menu.cpp(1,1): warning C4828: Le fichier contient un caractère qui débute à l'offset 0x1be2 et qui est non conforme dans le jeu de caractères source actuel (page de codes 65001).
C:\Users\etien\OneDrive - USherbrooke\2022HIV\.Projet\Code_Jeu\Projet-S2\Code_jeu\controller_menu.cpp(1,1): warning C4828: Le fichier contient un caractère qui débute à l'offset 0x1bea et qui est non conforme dans le jeu de caractères source actuel (page de codes 65001).
C:\Users\etien\OneDrive - USherbrooke\2022HIV\.Projet\Code_Jeu\Projet-S2\Code_jeu\controller_menu.cpp(1,1): warning C4828: Le fichier contient un caractère qui débute à l'offset 0x1c70 et qui est non conforme dans le jeu de caractères source actuel (page de codes 65001).
C:\Users\etien\OneDrive - USherbrooke\2022HIV\.Projet\Code_Jeu\Projet-S2\Code_jeu\controller_menu.cpp(1,1): warning C4828: Le fichier contient un caractère qui débute à l'offset 0x1c82 et qui est non conforme dans le jeu de caractères source actuel (page de codes 65001).
C:\Users\etien\OneDrive - USherbrooke\2022HIV\.Projet\Code_Jeu\Projet-S2\Code_jeu\controller_menu.cpp(1,1): warning C4828: Le fichier contient un caractère qui débute à l'offset 0x1d2b et qui est non conforme dans le jeu de caractères source actuel (page de codes 65001).
C:\Users\etien\OneDrive - USherbrooke\2022HIV\.Projet\Code_Jeu\Projet-S2\Code_jeu\controller_menu.cpp(1,1): warning C4828: Le fichier contient un caractère qui débute à l'offset 0x1db3 et qui est non conforme dans le jeu de caractères source actuel (page de codes 65001).
C:\Users\etien\OneDrive - USherbrooke\2022HIV\.Projet\Code_Jeu\Projet-S2\Code_jeu\controller_menu.cpp(1,1): warning C4828: Le fichier contient un caractère qui débute à l'offset 0x20a8 et qui est non conforme dans le jeu de caractères source actuel (page de codes 65001).
C:\Users\etien\OneDrive - USherbrooke\2022HIV\.Projet\Code_Jeu\Projet-S2\Code_jeu\controller_menu.cpp(1,1): warning C4828: Le fichier contient un caractère qui débute à l'offset 0x235f et qui est non conforme dans le jeu de caractères source actuel (page de codes 65001).
C:\Users\etien\OneDrive - USherbrooke\2022HIV\.Projet\Code_Jeu\Projet-S2\Code_jeu\controller_menu.cpp(1,1): warning C4828: Le fichier contient un caractère qui débute à l'offset 0x23cb et qui est non conforme dans le jeu de caractères source actuel (page de codes 65001).
C:\Users\etien\OneDrive - USherbrooke\2022HIV\.Projet\Code_Jeu\Projet-S2\Code_jeu\controller_menu.cpp(1,1): warning C4828: Le fichier contient un caractère qui débute à l'offset 0x2cb2 et qui est non conforme dans le jeu de caractères source actuel (page de codes 65001).
C:\Users\etien\OneDrive - USherbrooke\2022HIV\.Projet\Code_Jeu\Projet-S2\Code_jeu\controller_menu.cpp(1,1): warning C4828: Le fichier contient un caractère qui débute à l'offset 0x2cba et qui est non conforme dans le jeu de caractères source actuel (page de codes 65001).
C:\Users\etien\OneDrive - USherbrooke\2022HIV\.Projet\Code_Jeu\Projet-S2\Code_jeu\controller_menu.cpp(1,1): warning C4828: Le fichier contient un caractère qui débute à l'offset 0x2d44 et qui est non conforme dans le jeu de caractères source actuel (page de codes 65001).
C:\Users\etien\OneDrive - USherbrooke\2022HIV\.Projet\Code_Jeu\Projet-S2\Code_jeu\controller_menu.cpp(1,1): warning C4828: Le fichier contient un caractère qui débute à l'offset 0x2d56 et qui est non conforme dans le jeu de caractères source actuel (page de codes 65001).
C:\Users\etien\OneDrive - USherbrooke\2022HIV\.Projet\Code_Jeu\Projet-S2\Code_jeu\controller_menu.cpp(1,1): warning C4828: Le fichier contient un caractère qui débute à l'offset 0x2dfe et qui est non conforme dans le jeu de caractères source actuel (page de codes 65001).
C:\Users\etien\OneDrive - USherbrooke\2022HIV\.Projet\Code_Jeu\Projet-S2\Code_jeu\controller_menu.cpp(1,1): warning C4828: Le fichier contient un caractère qui débute à l'offset 0x2e71 et qui est non conforme dans le jeu de caractères source actuel (page de codes 65001).
C:\Users\etien\OneDrive - USherbrooke\2022HIV\.Projet\Code_Jeu\Projet-S2\Code_jeu\controller_menu.cpp(1,1): warning C4828: Le fichier contient un caractère qui débute à l'offset 0x30ed et qui est non conforme dans le jeu de caractères source actuel (page de codes 65001).
C:\Users\etien\OneDrive - USherbrooke\2022HIV\.Projet\Code_Jeu\Projet-S2\Code_jeu\controller_menu.cpp(1,1): warning C4828: Le fichier contient un caractère qui débute à l'offset 0x333a et qui est non conforme dans le jeu de caractères source actuel (page de codes 65001).
C:\Users\etien\OneDrive - USherbrooke\2022HIV\.Projet\Code_Jeu\Projet-S2\Code_jeu\controller_menu.cpp(1,1): warning C4828: Le fichier contient un caractère qui débute à l'offset 0x33a6 et qui est non conforme dans le jeu de caractères source actuel (page de codes 65001).
C:\Users\etien\OneDrive - USherbrooke\2022HIV\.Projet\Code_Jeu\Projet-S2\Code_jeu\controllers.h(1,1): warning C4828: Le fichier contient un caractère qui débute à l'offset 0x597 et qui est non conforme dans le jeu de caractères source actuel (page de codes 65001).
C:\Users\etien\OneDrive - USherbrooke\2022HIV\.Projet\Code_Jeu\Projet-S2\Code_jeu\controllers.h(1,1): warning C4828: Le fichier contient un caractère qui débute à l'offset 0x59d et qui est non conforme dans le jeu de caractères source actuel (page de codes 65001).
C:\Users\etien\OneDrive - USherbrooke\2022HIV\.Projet\Code_Jeu\Projet-S2\Code_jeu\model_auto.h(16,32): warning C4305: 'initialisation' : troncation de 'double' à 'float'
C:\Users\etien\OneDrive - USherbrooke\2022HIV\.Projet\Code_Jeu\Projet-S2\Code_jeu\best_time.h(1,1): warning C4828: Le fichier contient un caractère qui débute à l'offset 0x23d et qui est non conforme dans le jeu de caractères source actuel (page de codes 65001).
C:\Users\etien\OneDrive - USherbrooke\2022HIV\.Projet\Code_Jeu\Projet-S2\Code_jeu\best_time.h(1,1): warning C4828: Le fichier contient un caractère qui débute à l'offset 0x410 et qui est non conforme dans le jeu de caractères source actuel (page de codes 65001).
C:\Users\etien\OneDrive - USherbrooke\2022HIV\.Projet\Code_Jeu\Projet-S2\Code_jeu\best_time.h(1,1): warning C4828: Le fichier contient un caractère qui débute à l'offset 0x4c9 et qui est non conforme dans le jeu de caractères source actuel (page de codes 65001).
C:\Users\etien\OneDrive - USherbrooke\2022HIV\.Projet\Code_Jeu\Projet-S2\Code_jeu\course_record.h(1,1): warning C4828: Le fichier contient un caractère qui débute à l'offset 0x35f et qui est non conforme dans le jeu de caractères source actuel (page de codes 65001).
C:\Users\etien\OneDrive - USherbrooke\2022HIV\.Projet\Code_Jeu\Projet-S2\Code_jeu\controller_menu.cpp(218,104): warning C4267: '=' : conversion de 'size_t' en 'int', perte possible de données
  SparkUS.vcxproj -> C:\Users\etien\OneDrive - USherbrooke\2022HIV\.Projet\Code_Jeu\Projet-S2\Code_jeu\debug\SparkUS.exe
