<<<<<<< Updated upstream
c:\users\etien\onedrive - usherbrooke\2022hiv\.projet\code_jeu\projet-s2\code_jeu\debug\moc_mainmenu.cpp
c:\users\etien\onedrive - usherbrooke\2022hiv\.projet\code_jeu\projet-s2\code_jeu\debug\moc_predefs.h
c:\users\techn\onedrive - usherbrooke\s2\projet\projet-s2\code_jeu\debug\sparkus.tlog\custombuild.command.1.tlog
c:\users\techn\onedrive - usherbrooke\s2\projet\projet-s2\code_jeu\debug\sparkus.tlog\custombuild.read.1.tlog
c:\users\techn\onedrive - usherbrooke\s2\projet\projet-s2\code_jeu\debug\sparkus.tlog\custombuild.write.1.tlog
=======
c:\users\etien\onedrive - usherbrooke\2022hiv\.projet\code_jeu\projet-s2\code_jeu\debug\vc142.pdb
c:\users\etien\onedrive - usherbrooke\2022hiv\.projet\code_jeu\projet-s2\code_jeu\debug\moc_mainmenu.obj
c:\users\etien\onedrive - usherbrooke\2022hiv\.projet\code_jeu\projet-s2\code_jeu\debug\timer.obj
c:\users\etien\onedrive - usherbrooke\2022hiv\.projet\code_jeu\projet-s2\code_jeu\debug\serial_communication.obj
c:\users\etien\onedrive - usherbrooke\2022hiv\.projet\code_jeu\projet-s2\code_jeu\debug\model_circuit.obj
c:\users\etien\onedrive - usherbrooke\2022hiv\.projet\code_jeu\projet-s2\code_jeu\debug\model_auto.obj
c:\users\etien\onedrive - usherbrooke\2022hiv\.projet\code_jeu\projet-s2\code_jeu\debug\mainmenu.obj
c:\users\etien\onedrive - usherbrooke\2022hiv\.projet\code_jeu\projet-s2\code_jeu\debug\main.obj
c:\users\etien\onedrive - usherbrooke\2022hiv\.projet\code_jeu\projet-s2\code_jeu\debug\leaderboard.obj
c:\users\etien\onedrive - usherbrooke\2022hiv\.projet\code_jeu\projet-s2\code_jeu\debug\course_record.obj
c:\users\etien\onedrive - usherbrooke\2022hiv\.projet\code_jeu\projet-s2\code_jeu\debug\controller_menu.obj
c:\users\etien\onedrive - usherbrooke\2022hiv\.projet\code_jeu\projet-s2\code_jeu\debug\controller_course.obj
c:\users\etien\onedrive - usherbrooke\2022hiv\.projet\code_jeu\projet-s2\code_jeu\debug\serialport.obj
c:\users\etien\onedrive - usherbrooke\2022hiv\.projet\code_jeu\projet-s2\code_jeu\debug\course.obj
c:\users\etien\onedrive - usherbrooke\2022hiv\.projet\code_jeu\projet-s2\code_jeu\debug\moc_course.obj
c:\users\etien\onedrive - usherbrooke\2022hiv\.projet\code_jeu\projet-s2\code_jeu\debug\mainwindow.obj
c:\users\etien\onedrive - usherbrooke\2022hiv\.projet\code_jeu\projet-s2\code_jeu\debug\moc_course.cpp
c:\users\etien\onedrive - usherbrooke\2022hiv\.projet\code_jeu\projet-s2\code_jeu\debug\moc_mainmenu.cpp
c:\users\etien\onedrive - usherbrooke\2022hiv\.projet\code_jeu\projet-s2\code_jeu\debug\moc_predefs.h
c:\users\etien\onedrive - usherbrooke\2022hiv\.projet\code_jeu\projet-s2\code_jeu\debug\sparkus.exe
c:\users\etien\onedrive - usherbrooke\2022hiv\.projet\code_jeu\projet-s2\code_jeu\debug\sparkus.ilk
c:\users\etien\onedrive - usherbrooke\2022hiv\.projet\code_jeu\projet-s2\code_jeu\debug\sparkus.pdb
c:\users\etien\onedrive - usherbrooke\2022hiv\.projet\code_jeu\projet-s2\code_jeu\debug\sparkus.tlog\cl.command.1.tlog
c:\users\etien\onedrive - usherbrooke\2022hiv\.projet\code_jeu\projet-s2\code_jeu\debug\sparkus.tlog\cl.read.1.tlog
c:\users\etien\onedrive - usherbrooke\2022hiv\.projet\code_jeu\projet-s2\code_jeu\debug\sparkus.tlog\cl.write.1.tlog
c:\users\etien\onedrive - usherbrooke\2022hiv\.projet\code_jeu\projet-s2\code_jeu\debug\sparkus.tlog\custombuild.command.1.tlog
c:\users\etien\onedrive - usherbrooke\2022hiv\.projet\code_jeu\projet-s2\code_jeu\debug\sparkus.tlog\custombuild.read.1.tlog
c:\users\etien\onedrive - usherbrooke\2022hiv\.projet\code_jeu\projet-s2\code_jeu\debug\sparkus.tlog\custombuild.write.1.tlog
c:\users\etien\onedrive - usherbrooke\2022hiv\.projet\code_jeu\projet-s2\code_jeu\debug\sparkus.tlog\link.8048-cvtres.read.1.tlog
c:\users\etien\onedrive - usherbrooke\2022hiv\.projet\code_jeu\projet-s2\code_jeu\debug\sparkus.tlog\link.8048-cvtres.write.1.tlog
c:\users\etien\onedrive - usherbrooke\2022hiv\.projet\code_jeu\projet-s2\code_jeu\debug\sparkus.tlog\link.8048-rc.read.1.tlog
c:\users\etien\onedrive - usherbrooke\2022hiv\.projet\code_jeu\projet-s2\code_jeu\debug\sparkus.tlog\link.8048-rc.write.1.tlog
c:\users\etien\onedrive - usherbrooke\2022hiv\.projet\code_jeu\projet-s2\code_jeu\debug\sparkus.tlog\link.8048.read.1.tlog
c:\users\etien\onedrive - usherbrooke\2022hiv\.projet\code_jeu\projet-s2\code_jeu\debug\sparkus.tlog\link.8048.write.1.tlog
c:\users\etien\onedrive - usherbrooke\2022hiv\.projet\code_jeu\projet-s2\code_jeu\debug\sparkus.tlog\link.command.1.tlog
c:\users\etien\onedrive - usherbrooke\2022hiv\.projet\code_jeu\projet-s2\code_jeu\debug\sparkus.tlog\link.read.1.tlog
c:\users\etien\onedrive - usherbrooke\2022hiv\.projet\code_jeu\projet-s2\code_jeu\debug\sparkus.tlog\link.write.1.tlog
>>>>>>> Stashed changes
